<?xml version="1.0" encoding="UTF-8"?>
<!-- Generated by org.testng.reporters.JUnitReportReporter -->
<testsuite hostname="Adithis-MacBook-Air.local" failures="0" tests="1" name="org.practice.automation.PracticeBrowserControlClass" time="12.001" errors="0" timestamp="2024-02-09T13:45:54 PST" skipped="0">
  <testcase classname="org.practice.automation.PracticeBrowserControlClass" name="launchBrowser" time="12.001"/>
</testsuite> <!-- org.practice.automation.PracticeBrowserControlClass -->
