<?xml version="1.0" encoding="UTF-8"?>
<!-- Generated by org.testng.reporters.JUnitReportReporter -->
<testsuite hostname="Adithis-MacBook-Air.local" failures="0" tests="1" name="org.company.project.automation.testCases.SignUpTestScenario" time="8.760" errors="0" timestamp="2024-02-21T18:57:45 PST" skipped="0">
  <testcase classname="org.company.project.automation.testCases.SignUpTestScenario" name="validateSignUpFunction" time="8.760"/>
</testsuite> <!-- org.company.project.automation.testCases.SignUpTestScenario -->
