<?xml version="1.0" encoding="UTF-8"?>
<!-- Generated by org.testng.reporters.JUnitReportReporter -->
<testsuite hostname="Adithis-MacBook-Air.local" failures="0" tests="2" name="org.practice.automation.PracticeAutomationClass" time="19.352" errors="0" timestamp="2024-02-09T13:45:54 PST" skipped="0">
  <testcase classname="org.practice.automation.PracticeAutomationClass" name="practiceSignupFunction" time="15.577"/>
  <testcase classname="org.practice.automation.PracticeAutomationClass" name="practiceLoginFunction" time="3.775"/>
</testsuite> <!-- org.practice.automation.PracticeAutomationClass -->
