<?xml version="1.0" encoding="UTF-8"?>
<!-- Generated by org.testng.reporters.JUnitReportReporter -->
<testsuite hostname="Adithis-MacBook-Air.local" failures="0" tests="3" name="org.company.project.automation.testCases.DDFLoginTestScenario" time="14.906" errors="0" timestamp="2024-02-21T23:00:33 PST" skipped="0">
  <testcase classname="org.company.project.automation.testCases.DDFLoginTestScenario" name="validateLoginFunctions" time="6.819"/>
  <testcase classname="org.company.project.automation.testCases.DDFLoginTestScenario" name="validateLoginFunctions" time="4.092"/>
  <testcase classname="org.company.project.automation.testCases.DDFLoginTestScenario" name="validateLoginFunctions" time="3.995"/>
</testsuite> <!-- org.company.project.automation.testCases.DDFLoginTestScenario -->
