<?xml version="1.0" encoding="UTF-8"?>
<!-- Generated by org.testng.reporters.JUnitReportReporter -->
<testsuite hostname="Adithis-MacBook-Air.local" failures="0" tests="1" name="org.practice.automation.PracticeCaptureScreenshotClass" time="11.064" errors="0" timestamp="2024-02-09T13:45:53 PST" skipped="0">
  <testcase classname="org.practice.automation.PracticeCaptureScreenshotClass" name="handleFramesToTakeScreenshot" time="11.064"/>
</testsuite> <!-- org.practice.automation.PracticeCaptureScreenshotClass -->
