<?xml version="1.0" encoding="UTF-8"?>
<!-- Generated by org.testng.reporters.JUnitReportReporter -->
<testsuite hostname="Adithis-MacBook-Air.local" failures="0" tests="2" name="org.practice.automation.PracticeHandleKeyboardMouse" time="11.227" errors="0" timestamp="2024-02-09T13:45:54 PST" skipped="0">
  <testcase classname="org.practice.automation.PracticeHandleKeyboardMouse" name="handleMouse" time="7.335"/>
  <testcase classname="org.practice.automation.PracticeHandleKeyboardMouse" name="handleKeyboard" time="3.892"/>
</testsuite> <!-- org.practice.automation.PracticeHandleKeyboardMouse -->
