<?xml version="1.0" encoding="UTF-8"?>
<!-- Generated by org.testng.reporters.JUnitReportReporter -->
<testsuite hostname="Adithis-MacBook-Air.local" failures="0" tests="3" name="org.practice.automation.PracticeHandleWindowsAlertsFramesClass" time="16.013" errors="0" timestamp="2024-02-09T13:45:54 PST" skipped="2">
  <testcase classname="org.practice.automation.PracticeHandleWindowsAlertsFramesClass" name="handleFrames" time="16.013"/>
  <testcase classname="org.practice.automation.PracticeHandleWindowsAlertsFramesClass" name="handleWindowsorTabs">
    <skipped/>
  </testcase> <!-- handleWindowsorTabs -->
  <testcase classname="org.practice.automation.PracticeHandleWindowsAlertsFramesClass" name="handleAlerts">
    <skipped/>
  </testcase> <!-- handleAlerts -->
</testsuite> <!-- org.practice.automation.PracticeHandleWindowsAlertsFramesClass -->
