<?xml version="1.0" encoding="UTF-8"?>
<!-- Generated by org.testng.reporters.JUnitReportReporter -->
<testsuite hostname="Adithis-MacBook-Air.local" failures="0" tests="1" name="org.company.project.automation.testCases.LoginTestScenario" time="5.402" errors="0" timestamp="2024-02-21T15:00:49 PST" skipped="0">
  <testcase classname="org.company.project.automation.testCases.LoginTestScenario" name="validateLoginFunction" time="5.402"/>
</testsuite> <!-- org.company.project.automation.testCases.LoginTestScenario -->
