<?xml version="1.0" encoding="UTF-8"?>
<!-- Generated by org.testng.reporters.JUnitReportReporter -->
<testsuite hostname="Adithis-MacBook-Air.local" failures="0" tests="2" name="org.practice.automation.PracticeFetchDataAtRuntimeClass" time="14.706" errors="0" timestamp="2024-02-09T13:45:54 PST" skipped="0">
  <testcase classname="org.practice.automation.PracticeFetchDataAtRuntimeClass" name="fetchData" time="4.156"/>
  <testcase classname="org.practice.automation.PracticeFetchDataAtRuntimeClass" name="fetchState" time="10.550"/>
</testsuite> <!-- org.practice.automation.PracticeFetchDataAtRuntimeClass -->
